
ROM used:   230/32768 (1%)
            230/32768 (1%) including unused fragments

            0.3 Average locations per line
            11.5 Average locations per statement

RAM used:   5/2048 (0%) at main() level
            8/2048 (0%) worst case

Stack used: 2 worst case (2 in main + 0 for interrupts)
Stack size: 31

Lines Stmts  %   Files
----- ----- ---  -----
   41    20 100  servo motor codigo.c
  837     0   0  ..\..\..\..\..\..\..\..\Program Files (x86)\PICC\Devices\18F4550.h
----- -----
  878    20 Total

Page ROM  %  RAM   Vol Diff  Functions:
---- --- --- ---   --- ----  ----------
0     38   8    1             @delay_ms1
0     26   6    1             @delay_us1
0    136  30    1   453  3.8  mexeovos1
0     26   6    0    43  1.3  MAIN
 Inline         0             @cinit1

Program metrics:
    Functions               2
    Statements              20
    Comments                153
    Volume (V)              559
    Difficulty (D)          5.1
    Effort to implement (E) 2854
    Time to implement (T)   3 minutes
    Est Delivered Bugs (B)  0
    Cyclomatic Complexity   3
    Maintainability (MI)    146

 Segment     Used  Free
-----------  ----  ----
00000-00002     4  0  
00004-07FFE   226  32538  



