
ROM used:   10894/32768 (33%)
            10894/32768 (33%) including unused fragments

            1.9 Average locations per line
            9.8 Average locations per statement

RAM used:   111/2048 (5%) at main() level
            176/2048 (9%) worst case

Stack used: 7 worst case (6 in main + 1 for interrupts)
Stack size: 31

Lines Stmts  %   Files
----- ----- ---  -----
  623   347  31  confi_cho.c
  837     0   0  ..\..\..\..\..\..\Program Files (x86)\PICC\devices\18F4550.h
 1351   359  32  ..\..\..\..\..\..\Program Files (x86)\PICC\drivers\stdlib.h
   32     0   0  ..\..\..\..\..\..\Program Files (x86)\PICC\drivers\stddef.h
  423   125  11  ..\..\..\..\..\..\Program Files (x86)\PICC\drivers\string.h
   28     0   0  ..\..\..\..\..\..\Program Files (x86)\PICC\drivers\ctype.h
 2229   257  23  ..\..\..\..\..\..\Program Files (x86)\PICC\drivers\math.h
   70    27   2  lcd.h
----- -----
 5593  1115 Total

Page ROM  %  RAM   Vol Diff  Functions:
---- --- --- ---   --- ----  ----------
0    242   1   11             @MULFF
0     54   0    2             @ITOF
0    618   3   16             @ADDFF
0    346   2   14             @DIVFF
0    816   4   20  1121 10.1  CEIL_FLOOR
0    118   1   10             @FLT
0     56   0    4             @SFTOI
0     24   0    4    43  2.1  floor
0     26   0    4    44  1.9  ceil
0    348   2   16   259  6.9  fmod
0    978   4   22  1071  8.0  exp
0     72   0    2             @SITOF
0    832   4   25   979 10.0  log
0    726   3   12   556  7.5  pow
0     38   0    1             @delay_ms1
0     26   0    1             @delay_us1
0     28   0    1   132  2.2  comando_lcd
0     28   0    1   132  2.2  escreve_lcd
0     14   0    0    40  1.3  limpa_lcd
0     58   0    0   176  1.8  inicializa_lcd
0     32   0    2   106  3.3  trata_tmr0
0     30   0    0   108  1.7  start_signal
0     50   0    0   106  2.5  check_response
0    152   1    4   662  7.6  Read_Data
0    112   1    1   431  5.6  DHT11
0     40   0    3             @DIV88
0    716   3    4   606  6.6  NTC
0    164   1    1   458  3.7  mexeovos
0      8   0    0             @const1119
0     32   0    2             @PSTRINGC_1070
0    348   2    4   292  4.2  conversao_temp
0    350   2    4   292  4.2  conversao_umi
0    866   4    1  2910  4.4  configuracao
0     14   0    0             @const1125
0     12   0    0             @const1126
0     14   0    0             @const1127
0     22   0    0             @const1128
0     32   0    3             @PSTRINGCN_1070
0     64   0    5             @FTOSD
0    142   1   13             @DIV3232
0    386   2   13             @PRINTF_L32D_1070FPFPF
0     14   0    0             @const1139
0     20   0    0             @const1140
0      8   0    0             @const1141
0     14   0    0             @const1142
0     24   0    0             @const1143
0     24   0    0             @const1144
0     12   0    0             @const1145
0     14   0    0             @const1146
0     14   0    0             @const1147
0     18   0    0             @const1148
0     14   0    0             @const1149
0     14   0    0             @const1150
0     14   0    0             @const1151
0     12   0    0             @const1152
0     12   0    0             @const1153
0     12   0    0             @const1154
0   1220   6    1  4379  7.9  MAIN
0     12   0    0             @const1158
0      8   0    0             @const1159
0     16   0    0             @const1160
0     14   0    0             @const1161
0     16   0    0             @const1162
0     14   0    0             @const1163
0     10   0    0             @const1164
0     16   0    0             @const1165
0     16   0    0             @const1166
0     10   0    0             @const1167
0     16   0    0             @const1168
0     12   0    0             @const1169
0     12   0    0             @const1170
0     10   0    0             @const1172
0     10   0    0             @const1173
0     14   0    0             @const1174
0     24   0    0             @const1175
0     24   0    0             @const1176
 Inline         0             @cinit1

Program metrics:
    Functions               22
    Statements              1115
    Comments                1391
    Volume (V)              23469
    Difficulty (D)          102.5
    Effort to implement (E) 2404459
    Time to implement (T)   37 hours, 6 minutes
    Est Delivered Bugs (B)  6
    Cyclomatic Complexity   55
    Maintainability (MI)    58

 Segment     Used  Free
-----------  ----  ----
00000-00002     4  0  
00004-00006     0  4  
00008-00094   142  0  
00096-07FFE  10748  21870  



