
ROM used:   6500/32768 (20%)
            6500/32768 (20%) including unused fragments

            1.3 Average locations per line
            8.0 Average locations per statement

RAM used:   35/2048 (2%) at main() level
            98/2048 (5%) worst case

Stack used: 6 worst case (6 in main + 0 for interrupts)
Stack size: 31

Lines Stmts  %   Files
----- ----- ---  -----
   93    46   6  ntc.c
  837     0   0  ..\..\..\..\..\..\..\..\Program Files (x86)\PICC\Devices\18F4550.h
 1351   359  44  ..\..\..\..\..\..\..\..\Program Files (x86)\PICC\Drivers\stdlib.h
   32     0   0  ..\..\..\..\..\..\..\..\Program Files (x86)\PICC\Drivers\stddef.h
  423   125  15  ..\..\..\..\..\..\..\..\Program Files (x86)\PICC\Drivers\string.h
   28     0   0  ..\..\..\..\..\..\..\..\Program Files (x86)\PICC\Drivers\ctype.h
 2229   257  32  ..\..\..\..\..\..\..\..\Program Files (x86)\PICC\Drivers\math.h
   70    27   3  lcd.h
----- -----
 5063   814 Total

Page ROM  %  RAM   Vol Diff  Functions:
---- --- --- ---   --- ----  ----------
0    242   2   11             @MULFF
0     54   0    2             @ITOF
0    618   5   16             @ADDFF
0    346   3   14             @DIVFF
0    816   6   20  1121 10.1  CEIL_FLOOR
0    118   1   10             @FLT
0     56   0    4             @SFTOI
0     24   0    4    43  2.1  floor
0     26   0    4    44  1.9  ceil
0    348   3   16   259  6.9  fmod
0    978   8   22  1071  8.0  exp
0     72   1    2             @SITOF
0    832   6   25   979 10.0  log
0    726   6   12   556  7.5  pow
0     40   0    1             @delay_ms1
0     32   0    1             @delay_us1
0     36   0    1   132  2.2  comando_lcd
0     38   0    1   132  2.2  escreve_lcd
0     14   0    0    40  1.3  limpa_lcd
0     54   0    0   176  1.8  inicializa_lcd
0    704   5    4   527  5.6  NTC
0    284   2    1   699  4.3  MAIN
0      4   0    0             @const1083
0     34   0    2             @PSTRINGC_1063
 Inline         0             @cinit1

Program metrics:
    Functions               13
    Statements              814
    Comments                1238
    Volume (V)              9011
    Difficulty (D)          63.7
    Effort to implement (E) 573570
    Time to implement (T)   8 hours, 51 minutes
    Est Delivered Bugs (B)  2
    Cyclomatic Complexity   19
    Maintainability (MI)    97

 Segment     Used  Free
-----------  ----  ----
00000-00002     4  0  
00004-07FFE  6496  26268  



