
ROM used:   6208/32768 (19%)
            6208/32768 (19%) including unused fragments

            1.2 Average locations per line
            8.1 Average locations per statement

RAM used:   48/2048 (2%) at main() level
            112/2048 (5%) worst case

Stack used: 6 worst case (0 in main + 6 for interrupts)
Stack size: 31

Lines Stmts  %   Files
----- ----- ---  -----
  145    23   3  Codigo chocadeira.c
  837     0   0  ..\..\..\..\..\Program Files (x86)\PICC\Devices\18F4550.h
 1351   359  47  ..\..\..\..\..\Program Files (x86)\PICC\Drivers\stdlib.h
   32     0   0  ..\..\..\..\..\Program Files (x86)\PICC\Drivers\stddef.h
  423   125  16  ..\..\..\..\..\Program Files (x86)\PICC\Drivers\string.h
   28     0   0  ..\..\..\..\..\Program Files (x86)\PICC\Drivers\ctype.h
 2229   257  34  ..\..\..\..\..\Program Files (x86)\PICC\Drivers\math.h
----- -----
 5045   764 Total

Page ROM  %  RAM   Vol Diff  Functions:
---- --- --- ---   --- ----  ----------
0    242   2   11             @MULFF
0     54   0    2             @ITOF
0    618   5   16             @ADDFF
0    346   3   14             @DIVFF
0    816   7   20  1121 10.1  CEIL_FLOOR
0    118   1   10             @FLT
0     56   0    4   587  5.0  @SFTOI
0     24   0    4    43  2.1  floor
0     26   0    4    44  1.9  ceil
0    348   3   16   259  6.9  fmod
0    978   8   22  1071  8.0  exp
0     72   1    2             @SITOF
0    832   7   25   979 10.0  log
0    726   6   12   556  7.5  pow
0    688   6    4   505  5.1  interrupcao_ntc
0      6   0    0     3  0.0  interrupcao_dht11
0    100   1    0   134  1.8  MAIN
 Inline         0             @cinit1

Program metrics:
    Functions               11
    Statements              764
    Comments                1206
    Volume (V)              7965
    Difficulty (D)          59.3
    Effort to implement (E) 472259
    Time to implement (T)   7 hours, 17 minutes
    Est Delivered Bugs (B)  2
    Cyclomatic Complexity   17
    Maintainability (MI)    43

 Segment     Used  Free
-----------  ----  ----
00000-00002     4  0  
00004-00006     0  4  
00008-000A0   154  0  
000A2-07FFE  6050  26556  



