
ROM used:   3766/32768 (11%)
            3766/32768 (11%) including unused fragments

            3.3 Average locations per line
            29.7 Average locations per statement

RAM used:   22/2048 (1%) at main() level
            48/2048 (2%) worst case

Stack used: 3 worst case (3 in main + 0 for interrupts)
Stack size: 31

Lines Stmts  %   Files
----- ----- ---  -----
  222   100  79  confi_cho.c
  837     0   0  ..\..\..\..\Program Files (x86)\PICC\devices\18F4550.H
   70    27  21  lcd.h
----- -----
 1129   127 Total

Page ROM  %  RAM   Vol Diff  Functions:
---- --- --- ---   --- ----  ----------
0     40   1    1   485  7.8  @delay_ms1
0     26   0    1   132  2.2  comando_lcd
0     26   0    1   132  2.2  escreve_lcd
0     14   0    0    40  1.3  limpa_lcd
0     60   1    0   176  1.8  inicializa_lcd
0    332   4    4   260  4.1  conversao_temp
0     54   1    2   343  8.6  @ITOF
0    242   3   11   370  6.7  @MULFF
0    346   5   14   266  6.5  @DIVFF
0    618   8   16   153  4.7  @ADDFF
0     56   1    4   315  6.5  @SFTOI
0    346   5    4   260  4.1  conversao_umi
0    614   8    1  1624  4.4  configuracao
0     14   0    0   346  7.5  @const685
0     32   0    2   318  6.5  @PSTRINGC_665
0     12   0    0   475  7.2  @const687
0     14   0    0   129  4.6  @const688
0     22   0    0   436  7.9  @const689
0     30   0    3             @PSTRINGCN_665
0     64   1    5             @FTOSD
0    142   2   13   222  7.1  @DIV3232
0    384   5   13   224  6.7  @PRINTF_L32D_665FPFPF
0     14   0    0   180  5.0  @const700
0     20   0    0             @const701
0     24   0    0             @const702
0     24   0    0   196  6.1  @const703
0      8   0    0             @const704
0     14   0    0             @const705
0     16   0    0  2279 12.7  @const706
0      8   0    0             @const707
0    146   2    0   581  5.2  MAIN
 Inline         0             @cinit1

Program metrics:
    Functions               24
    Statements              127
    Comments                287
    Volume (V)              17130
    Difficulty (D)          137.6
    Effort to implement (E) 2356857
    Time to implement (T)   36 hours, 22 minutes
    Est Delivered Bugs (B)  6
    Cyclomatic Complexity   47
    Maintainability (MI)    69

 Segment     Used  Free
-----------  ----  ----
00000-00002     4  0  
00004-07FFE  3762  29002  



