
ROM used:   9056/32768 (28%)
            9056/32768 (28%) including unused fragments

            1.7 Average locations per line
            9.3 Average locations per statement

RAM used:   84/2048 (4%) at main() level
            148/2048 (7%) worst case

Stack used: 6 worst case (6 in main + 0 for interrupts)
Stack size: 31

Lines Stmts  %   Files
----- ----- ---  -----
  409   204  21  cod_chocadeira_sem_interrupcao.c
  837     0   0  ..\..\..\..\..\..\Program Files (x86)\PICC\Devices\18F4550.h
 1351   359  37  ..\..\..\..\..\..\Program Files (x86)\PICC\Drivers\stdlib.h
   32     0   0  ..\..\..\..\..\..\Program Files (x86)\PICC\Drivers\stddef.h
  423   125  13  ..\..\..\..\..\..\Program Files (x86)\PICC\Drivers\string.h
   28     0   0  ..\..\..\..\..\..\Program Files (x86)\PICC\Drivers\ctype.h
 2229   257  26  ..\..\..\..\..\..\Program Files (x86)\PICC\Drivers\math.h
   70    27   3  lcd.h
----- -----
 5379   972 Total

Page ROM  %  RAM   Vol Diff  Functions:
---- --- --- ---   --- ----  ----------
0    242   1   11             @MULFF
0     54   0    2             @ITOF
0    618   3   16             @ADDFF
0    346   2   14             @DIVFF
0    816   5   20  1121 10.1  CEIL_FLOOR
0    118   1   10             @FLT
0     56   0    4             @SFTOI
0     24   0    4    43  2.1  floor
0     26   0    4    44  1.9  ceil
0    348   2   16   259  6.9  fmod
0    978   5   22  1071  8.0  exp
0     72   0    2             @SITOF
0    832   5   25   979 10.0  log
0    726   4   12   556  7.5  pow
0     38   0    1             @delay_ms1
0     28   0    1   132  2.2  comando_lcd
0     28   0    1   132  2.2  escreve_lcd
0     14   0    0    40  1.3  limpa_lcd
0     58   0    0   176  1.8  inicializa_lcd
0     30   0    0   108  1.7  start_signal
0     50   0    0   106  2.5  check_response
0    152   1    4   662  7.6  Read_Data
0    112   1    1   431  5.6  DHT11
0     40   0    3   499  4.2  @DIV88
0    346   2    4   260  4.1  conversao_temp
0    348   2    4   260  4.1  conversao_umi
0    598   3    1  1624  4.4  configuracao
0     14   0    0             @const1113
0     32   0    2             @PSTRINGC_1072
0     12   0    0   499  4.2  @const1115
0     14   0    0             @const1116
0     22   0    0             @const1117
0     30   0    3             @PSTRINGCN_1072
0     64   0    5             @FTOSD
0    142   1   13             @DIV3232
0    378   2   13             @PRINTF_L32D_1072FPFPF
0     14   0    0             @const1128
0     20   0    0             @const1129
0     24   0    0             @const1130
0     24   0    0             @const1131
0      8   0    0             @const1132
0     14   0    0             @const1133
0     16   0    0             @const1134
0      8   0    0             @const1135
0    716   4    4   606  6.6  NTC
0      8   0    0   790  6.3  @const1139
0    394   2    0   642  5.7  MAIN
 Inline         0   642  5.7  @cinit1

Program metrics:
    Functions               24
    Statements              972
    Comments                1354
    Volume (V)              20142
    Difficulty (D)          115.4
    Effort to implement (E) 2324409
    Time to implement (T)   35 hours, 52 minutes
    Est Delivered Bugs (B)  6
    Cyclomatic Complexity   49
    Maintainability (MI)    35

 Segment     Used  Free
-----------  ----  ----
00000-00002     4  0  
00004-07FFE  9052  23712  



