
ROM used:   7426/32768 (23%)
            7426/32768 (23%) including unused fragments

            1.4 Average locations per line
            8.6 Average locations per statement

RAM used:   53/2048 (3%) at main() level
            117/2048 (6%) worst case

Stack used: 6 worst case (6 in main + 0 for interrupts)
Stack size: 31

Lines Stmts  %   Files
----- ----- ---  -----
  246    95  11  cod_chocadeira_sem_interrupcao.c
  837     0   0  ..\..\..\..\..\..\Program Files (x86)\PICC\Devices\18F4550.h
 1351   359  42  ..\..\..\..\..\..\Program Files (x86)\PICC\Drivers\stdlib.h
   32     0   0  ..\..\..\..\..\..\Program Files (x86)\PICC\Drivers\stddef.h
  423   125  14  ..\..\..\..\..\..\Program Files (x86)\PICC\Drivers\string.h
   28     0   0  ..\..\..\..\..\..\Program Files (x86)\PICC\Drivers\ctype.h
 2229   257  30  ..\..\..\..\..\..\Program Files (x86)\PICC\Drivers\math.h
   70    27   3  lcd.h
----- -----
 5216   863 Total

Page ROM  %  RAM   Vol Diff  Functions:
---- --- --- ---   --- ----  ----------
0    242   2   11             @MULFF
0     54   0    2             @ITOF
0    618   4   16             @ADDFF
0    346   2   14             @DIVFF
0    816   5   20  1121 10.1  CEIL_FLOOR
0    118   1   10             @FLT
0     56   0    4             @SFTOI
0     24   0    4    43  2.1  floor
0     26   0    4    44  1.9  ceil
0    348   2   16   259  6.9  fmod
0    978   7   22  1071  8.0  exp
0     72   0    2             @SITOF
0    832   6   25   979 10.0  log
0    726   5   12   556  7.5  pow
0     38   0    1             @delay_ms1
0     28   0    1   132  2.2  comando_lcd
0     28   0    1   132  2.2  escreve_lcd
0     16   0    0    40  1.3  limpa_lcd
0     58   0    0   176  1.8  inicializa_lcd
0     30   0    0   108  1.7  start_signal
0     50   0    0   106  2.5  check_response
0    152   1    4   662  7.6  Read_Data
0    112   1    1   431  5.6  DHT11
0     40   0    3   527  5.6  @DIV88
0    724   5    4   575  5.6  NTC
0    304   2    0   499  4.2  MAIN
0     64   0    5     3  0.0  @FTOSD
0    142   1   13     3  0.0  @DIV3232
0    380   3   13   399  3.8  @PRINTF_L32D_1074FPFPF
 Inline         0             @cinit1

Program metrics:
    Functions               21
    Statements              863
    Comments                1311
    Volume (V)              13249
    Difficulty (D)          92.8
    Effort to implement (E) 1228995
    Time to implement (T)   18 hours, 58 minutes
    Est Delivered Bugs (B)  4
    Cyclomatic Complexity   30
    Maintainability (MI)    61

 Segment     Used  Free
-----------  ----  ----
00000-00002     4  0  
00004-07FFE  7422  25342  



